TNIMDb/app/build/outputs/logs/manifest-merger-debug-report.txt
-- Merging decision tree log ---
manifest
ADDED from src\main\AndroidManifest.xml:2:1-95:12
	package
		ADDED from src\main\AndroidManifest.xml:3:5-45
		INJECTED from src\main\AndroidManifest.xml
		INJECTED from src\main\AndroidManifest.xml
	android:versionName
		INJECTED from src\main\AndroidManifest.xml
		INJECTED from src\main\AndroidManifest.xml
	xmlns:android
		ADDED from src\main\AndroidManifest.xml:2:11-69
	android:versionCode
		INJECTED from src\main\AndroidManifest.xml
		INJECTED from src\main\AndroidManifest.xml
uses-permission#android.permission.INTERNET
ADDED from src\main\AndroidManifest.xml:5:5-67
	android:name
		ADDED from src\main\AndroidManifest.xml:5:22-64
uses-permission#android.permission.ACCESS_NETWORK_STATE
ADDED from src\main\AndroidManifest.xml:6:5-79
	android:name
		ADDED from src\main\AndroidManifest.xml:6:22-76
uses-permission#android.permission.READ_SYNC_SETTINGS
ADDED from src\main\AndroidManifest.xml:9:5-10:63
	android:name
		ADDED from src\main\AndroidManifest.xml:10:9-61
uses-permission#android.permission.WRITE_SYNC_SETTINGS
ADDED from src\main\AndroidManifest.xml:11:5-12:64
	android:name
		ADDED from src\main\AndroidManifest.xml:12:9-62
uses-permission#android.permission.AUTHENTICATE_ACCOUNTS
ADDED from src\main\AndroidManifest.xml:13:5-14:66
	android:name
		ADDED from src\main\AndroidManifest.xml:14:9-64
application
ADDED from src\main\AndroidManifest.xml:17:5-93:19
MERGED from [com.android.support:appcompat-v7:23.0.0] AndroidManifest.xml:22:5-20
MERGED from [com.android.support:support-v4:23.0.0] AndroidManifest.xml:22:5-20
MERGED from [com.android.support:support-v4:23.0.0] AndroidManifest.xml:22:5-20
	android:label
		ADDED from src\main\AndroidManifest.xml:20:9-41
	android:allowBackup
		ADDED from src\main\AndroidManifest.xml:18:9-35
	android:icon
		ADDED from src\main\AndroidManifest.xml:19:9-43
	android:theme
		ADDED from src\main\AndroidManifest.xml:21:9-40
activity#rishabhbanga.nanodegree.tnimdb.app.MainActivity
ADDED from src\main\AndroidManifest.xml:23:9-33:20
	android:label
		ADDED from src\main\AndroidManifest.xml:25:13-45
	android:launchMode
		ADDED from src\main\AndroidManifest.xml:26:13-43
	android:name
		ADDED from src\main\AndroidManifest.xml:24:13-45
intent-filter#android.intent.action.MAIN+android.intent.category.LAUNCHER
ADDED from src\main\AndroidManifest.xml:28:13-31:29
action#android.intent.action.MAIN
ADDED from src\main\AndroidManifest.xml:29:17-69
	android:name
		ADDED from src\main\AndroidManifest.xml:29:25-66
category#android.intent.category.LAUNCHER
ADDED from src\main\AndroidManifest.xml:30:17-77
	android:name
		ADDED from src\main\AndroidManifest.xml:30:27-74
activity#rishabhbanga.nanodegree.tnimdb.app.DetailActivity
ADDED from src\main\AndroidManifest.xml:35:9-44:20
	android:label
		ADDED from src\main\AndroidManifest.xml:37:13-58
	android:parentActivityName
		ADDED from src\main\AndroidManifest.xml:38:13-59
	android:name
		ADDED from src\main\AndroidManifest.xml:36:13-47
meta-data#android.support.PARENT_ACTIVITY
ADDED from src\main\AndroidManifest.xml:40:13-42:53
	android:value
		ADDED from src\main\AndroidManifest.xml:42:17-50
	android:name
		ADDED from src\main\AndroidManifest.xml:41:17-63
activity#rishabhbanga.nanodegree.tnimdb.app.SettingsActivity
ADDED from src\main\AndroidManifest.xml:46:9-55:20
	android:label
		ADDED from src\main\AndroidManifest.xml:48:13-60
	android:parentActivityName
		ADDED from src\main\AndroidManifest.xml:49:13-59
	android:name
		ADDED from src\main\AndroidManifest.xml:47:13-49
provider#rishabhbanga.nanodegree.tnimdb.data.MovieProvider
ADDED from src\main\AndroidManifest.xml:57:9-60:38
	android:authorities
		ADDED from src\main\AndroidManifest.xml:58:13-65
	android:syncable
		ADDED from src\main\AndroidManifest.xml:60:13-36
	android:name
		ADDED from src\main\AndroidManifest.xml:59:13-47
service#rishabhbanga.nanodegree.tnimdb.sync.MovieAuthenticatorService
ADDED from src\main\AndroidManifest.xml:63:9-75:19
	android:name
		ADDED from src\main\AndroidManifest.xml:64:13-59
intent-filter#android.accounts.AccountAuthenticator
ADDED from src\main\AndroidManifest.xml:66:13-69:29
action#android.accounts.AccountAuthenticator
ADDED from src\main\AndroidManifest.xml:67:17-80
	android:name
		ADDED from src\main\AndroidManifest.xml:67:25-77
meta-data#android.accounts.AccountAuthenticator
ADDED from src\main\AndroidManifest.xml:71:13-73:57
	android:resource
		ADDED from src\main\AndroidManifest.xml:73:17-54
	android:name
		ADDED from src\main\AndroidManifest.xml:72:17-69
service#rishabhbanga.nanodegree.tnimdb.sync.MovieSyncService
ADDED from src\main\AndroidManifest.xml:78:9-91:19
	android:exported
		ADDED from src\main\AndroidManifest.xml:80:13-36
	android:name
		ADDED from src\main\AndroidManifest.xml:79:13-50
intent-filter#android.content.SyncAdapter
ADDED from src\main\AndroidManifest.xml:82:13-85:29
action#android.content.SyncAdapter
ADDED from src\main\AndroidManifest.xml:83:17-70
	android:name
		ADDED from src\main\AndroidManifest.xml:83:25-67
meta-data#android.content.SyncAdapter
ADDED from src\main\AndroidManifest.xml:87:13-89:55
	android:resource
		ADDED from src\main\AndroidManifest.xml:89:17-52
	android:name
		ADDED from src\main\AndroidManifest.xml:88:17-59
uses-sdk
INJECTED from src\main\AndroidManifest.xml reason: use-sdk injection requested
MERGED from [com.android.support:appcompat-v7:23.0.0] AndroidManifest.xml:20:5-43
MERGED from [com.android.support:support-v4:23.0.0] AndroidManifest.xml:20:5-43
MERGED from [com.android.support:support-v4:23.0.0] AndroidManifest.xml:20:5-43
	android:targetSdkVersion
		INJECTED from src\main\AndroidManifest.xml
		INJECTED from src\main\AndroidManifest.xml
	android:minSdkVersion
		INJECTED from src\main\AndroidManifest.xml
		INJECTED from src\main\AndroidManifest.xml